Processing request to: "https://localhost:8183/"
Call score for the "org.restlet.routing.VirtualHost@3ed02b51" host: 1.0
Default virtual host selected
Base URI: "https://localhost:8183". Remaining part: "/"
Call score for the "" URI pattern: 0.5
The default route was selected
No characters were matched
Call score for the "/" URI pattern: 1.0
Selected route: "/" -> Finder for LoginResource
1 characters were matched
New base URI: "https://localhost:8183/". No remaining part to match
Delegating the call to the target Restlet
Score of annotation "AnnotationInfo [javaMethod: public abstract org.restlet.representation.Representation common.LoginResourceInterface.login() throws java.lang.Exception, resourceInterface: class controller.LoginResource, restletMethod: GET, input: null, output: null, query: null]"= 0.5
Total score of variant "[application/json]"= 0.042416666
Score of annotation "AnnotationInfo [javaMethod: public abstract org.restlet.representation.Representation common.LoginResourceInterface.login() throws java.lang.Exception, resourceInterface: class controller.LoginResource, restletMethod: GET, input: null, output: null, query: null]"= 0.5
Total score of variant "[*/*]"= 0.041791666
The protocol used by this request is not declared in the application's connector service. Please update the list of client connectors used by your application and restart it.
Call score for the "[CLAP]" client: 1.0
This client was selected: "[CLAP]"
Converter selected for TemplateRepresentation: DefaultConverter
2013-12-15	14:24:33	0:0:0:0:0:0:0:1%0	-	0:0:0:0:0:0:0:1%0	8183	GET	/	-	200	-	0	270	https://localhost:8183	Mozilla/5.0 (Macintosh; Intel Mac OS X 10_9_0) AppleWebKit/537.36 (KHTML, like Gecko) Chrome/31.0.1650.63 Safari/537.36	-
Processing request to: "https://localhost:8183/?method=PUT"
Call score for the "org.restlet.routing.VirtualHost@3ed02b51" host: 1.0
Default virtual host selected
Base URI: "https://localhost:8183". Remaining part: "/?method=PUT"
Call score for the "" URI pattern: 0.5
The default route was selected
No characters were matched
Call score for the "/" URI pattern: 1.0
Selected route: "/" -> Finder for LoginResource
1 characters were matched
New base URI: "https://localhost:8183/". No remaining part to match
Delegating the call to the target Restlet
Score of annotation "AnnotationInfo [javaMethod: public abstract org.restlet.representation.Representation common.LoginResourceInterface.authenticate(org.restlet.data.Form), resourceInterface: class controller.LoginResource, restletMethod: PUT, input: null, output: null, query: null]"= 0.5
Total score of variant "[application/json]"= 0.042416666
Score of annotation "AnnotationInfo [javaMethod: public abstract org.restlet.representation.Representation common.LoginResourceInterface.authenticate(org.restlet.data.Form), resourceInterface: class controller.LoginResource, restletMethod: PUT, input: null, output: null, query: null]"= 0.5
Total score of variant "[*/*]"= 0.041791666
The following converter was selected for the [application/x-www-form-urlencoded] representation: org.restlet.engine.converter.DefaultConverter@962522b
Converter selected for StringRepresentation: DefaultConverter
2013-12-15	14:24:39	0:0:0:0:0:0:0:1%0	-	0:0:0:0:0:0:0:1%0	8183	PUT	/	-	200	22	29	7	https://localhost:8183	Mozilla/5.0 (Macintosh; Intel Mac OS X 10_9_0) AppleWebKit/537.36 (KHTML, like Gecko) Chrome/31.0.1650.63 Safari/537.36	https://localhost:8183/
